\BOOKMARK [0][-]{chapter*.2}{\376\377\213\364\146\016}{}% 1
\BOOKMARK [1][-]{section.0.1}{\376\377\121\163\116\216\147\054\173\024\213\260\166\204\162\110\147\103\116\016\117\177\165\050\213\364\146\016}{chapter*.2}% 2
\BOOKMARK [1][-]{section.0.2}{\376\377\122\033\117\134\200\005\124\015\123\125}{chapter*.2}% 3
\BOOKMARK [0][-]{chapter.1}{\376\377\176\352\213\272}{}% 4
\BOOKMARK [1][-]{section.1.1}{\376\377\213\357\135\356}{chapter.1}% 5
\BOOKMARK [2][-]{subsection.1.1.1}{\376\377\213\357\135\356\147\145\156\220\116\016\122\006\174\173}{section.1.1}% 6
\BOOKMARK [2][-]{subsection.1.1.2}{\376\377\213\357\135\356\151\202\137\365}{section.1.1}% 7
\BOOKMARK [2][-]{subsection.1.1.3}{\376\377\166\370\133\371\213\357\135\356\226\120\124\214\147\011\145\110\145\160\133\127\166\204\121\163\174\373}{section.1.1}% 8
\BOOKMARK [1][-]{section.1.2}{\376\377\145\160\120\074\217\320\173\227\166\204\213\357\135\356\117\060\213\241}{chapter.1}% 9
\BOOKMARK [2][-]{subsection.1.2.1}{\376\377\126\333\122\031\217\320\173\227\213\357\135\356\117\060\213\241}{section.1.2}% 10
\BOOKMARK [2][-]{subsection.1.2.2}{\376\377\121\375\145\160\120\074\213\357\135\356\117\060\213\241}{section.1.2}% 11
\BOOKMARK [1][-]{section.1.3}{\376\377\173\227\154\325\145\160\120\074\172\063\133\232\140\047}{chapter.1}% 12
\BOOKMARK [1][-]{section.1.4}{\376\377\145\160\120\074\213\241\173\227\116\055\136\224\213\345\154\350\141\017\166\204\116\000\116\233\123\237\122\031}{chapter.1}% 13
\BOOKMARK [2][-]{subsection.1.4.1}{\376\377\220\177\121\115\116\044\166\370\217\321\145\160\166\370\121\317}{section.1.4}% 14
\BOOKMARK [2][-]{subsection.1.4.2}{\376\377\220\177\121\115\226\144\145\160\176\335\133\371\120\074\217\334\134\017\116\216\210\253\226\144\145\160\176\335\133\371\120\074}{section.1.4}% 15
\BOOKMARK [2][-]{subsection.1.4.3}{\376\377\220\177\121\115\131\047\145\160\000"\124\003\000"\134\017\145\160}{section.1.4}% 16
\BOOKMARK [2][-]{subsection.1.4.4}{\376\377\173\200\123\026\213\241\173\227\153\145\232\244\000,\000\040\220\177\121\115\213\357\135\356\171\357\175\057}{section.1.4}% 17
\BOOKMARK [0][-]{chapter.2}{\376\377\143\322\120\074\154\325}{}% 18
\BOOKMARK [1][-]{section.2.1}{\376\377\137\025\212\000}{chapter.2}% 19
\BOOKMARK [1][-]{section.2.2}{\376\377\000L\000a\000g\000r\000a\000n\000g\000e\143\322\120\074\154\325}{chapter.2}% 20
\BOOKMARK [2][-]{subsection.2.2.1}{\376\377\176\277\140\047\143\322\120\074}{section.2.2}% 21
\BOOKMARK [2][-]{subsection.2.2.2}{\376\377\142\233\162\151\143\322\120\074}{section.2.2}% 22
\BOOKMARK [2][-]{subsection.2.2.3}{\376\377\000L\000a\000g\000r\000a\000n\000g\000e\143\322\120\074\131\032\230\171\137\017}{section.2.2}% 23
\BOOKMARK [2][-]{subsection.2.2.4}{\376\377\143\322\120\074\117\131\230\171}{section.2.2}% 24
\BOOKMARK [2][-]{subsection.2.2.5}{\376\377\000L\000a\000g\000r\000a\000n\000g\000e\143\322\120\074\117\030\177\072\160\271}{section.2.2}% 25
\BOOKMARK [1][-]{section.2.3}{\376\377\000N\000e\000w\000t\000o\000n\143\322\120\074}{chapter.2}% 26
\BOOKMARK [2][-]{subsection.2.3.1}{\376\377\000N\000e\000w\000t\000o\000n\143\322\120\074}{section.2.3}% 27
\BOOKMARK [2][-]{subsection.2.3.2}{\376\377\135\356\125\106}{section.2.3}% 28
\BOOKMARK [2][-]{subsection.2.3.3}{\376\377\000N\000e\000w\000t\000o\000n\143\322\120\074\117\131\230\171}{section.2.3}% 29
\BOOKMARK [1][-]{section.2.4}{\376\377\173\111\215\335\202\202\160\271\135\356\125\106\121\154\137\017}{chapter.2}% 30
\BOOKMARK [2][-]{subsection.2.4.1}{\376\377\135\356\122\006\133\232\116\111}{section.2.4}% 31
\BOOKMARK [2][-]{subsection.2.4.2}{\376\377\135\356\122\006\166\204\140\047\215\050}{section.2.4}% 32
\BOOKMARK [2][-]{subsection.2.4.3}{\376\377\173\111\215\335\202\202\160\271\143\322\120\074\121\154\137\017}{section.2.4}% 33
\BOOKMARK [1][-]{section.2.5}{\376\377\000H\000e\000r\000m\000i\000t\000e\143\322\120\074}{chapter.2}% 34
\BOOKMARK [2][-]{subsection.2.5.1}{\376\377\137\025\121\145\000,\000\040\000H\000e\000r\000m\000i\000t\000e\143\322\120\074\131\032\230\171\137\017\166\204\133\130\127\050\125\057\116\000\140\047}{section.2.5}% 35
\BOOKMARK [2][-]{subsection.2.5.2}{\376\377\000H\000e\000r\000m\000i\000t\000e\143\322\120\074\131\032\230\171\137\017\147\204\220\040}{section.2.5}% 36
\BOOKMARK [1][-]{section.2.6}{\376\377\122\006\153\265\117\116\153\041\143\322\120\074}{chapter.2}% 37
\BOOKMARK [2][-]{subsection.2.6.1}{\376\377\131\032\230\171\137\017\143\322\120\074\166\204\000R\000u\000n\000g\000e\163\260\214\141}{section.2.6}% 38
\BOOKMARK [2][-]{subsection.2.6.2}{\376\377\122\006\153\265\176\277\140\047\143\322\120\074}{section.2.6}% 39
\BOOKMARK [2][-]{subsection.2.6.3}{\376\377\122\006\153\265\116\011\153\041\000H\000e\000r\000m\000i\000t\000e\143\322\120\074}{section.2.6}% 40
\BOOKMARK [1][-]{section.2.7}{\376\377\116\011\153\041\150\067\147\141\143\322\120\074}{chapter.2}% 41
\BOOKMARK [2][-]{subsection.2.7.1}{\376\377\116\011\153\041\150\067\147\141\121\375\145\160}{section.2.7}% 42
\BOOKMARK [2][-]{subsection.2.7.2}{\376\377\116\011\153\041\150\067\147\141\143\322\120\074\121\375\145\160\147\204\220\040}{section.2.7}% 43
\BOOKMARK [2][-]{subsection.2.7.3}{\376\377\116\011\217\154\211\322\145\271\172\013}{section.2.7}% 44
\BOOKMARK [2][-]{subsection.2.7.4}{\376\377\116\011\137\057\167\351\145\271\172\013}{section.2.7}% 45
\BOOKMARK [2][-]{subsection.2.7.5}{\376\377\116\011\153\041\150\067\147\141\143\322\120\074\121\375\145\160\166\204\145\066\145\133\140\047\000*}{section.2.7}% 46
\BOOKMARK [0][-]{chapter.3}{\376\377\121\375\145\160\220\074\217\321\116\016\213\241\173\227}{}% 47
\BOOKMARK [1][-]{section.3.1}{\376\377\137\025\212\000}{chapter.3}% 48
\BOOKMARK [2][-]{subsection.3.1.1}{\376\377\121\375\145\160\220\074\217\321\166\204\225\356\230\230\166\204\116\000\202\054\143\320\154\325}{section.3.1}% 49
\BOOKMARK [2][-]{subsection.3.1.2}{\376\377\136\070\165\050\166\204\136\246\221\317\150\007\121\306}{section.3.1}% 50
\BOOKMARK [1][-]{section.3.2}{\376\377\147\000\117\163\116\000\201\364\220\074\217\321}{chapter.3}% 51
\BOOKMARK [2][-]{subsection.3.2.1}{\376\377\147\000\117\163\116\000\201\364\220\074\217\321\151\202\137\365}{section.3.2}% 52
\BOOKMARK [2][-]{subsection.3.2.2}{\376\377\147\000\117\163\116\000\201\364\220\074\217\321\131\032\230\171\137\017\166\204\133\130\127\050\140\047}{section.3.2}% 53
\BOOKMARK [2][-]{subsection.3.2.3}{\376\377\000C\000[\000a\000,\000b\000]\116\012\147\000\117\163\116\000\201\364\220\074\217\321}{section.3.2}% 54
\BOOKMARK [2][-]{subsection.3.2.4}{\376\377\166\370\121\163\151\202\137\365}{section.3.2}% 55
\BOOKMARK [2][-]{subsection.3.2.5}{\376\377\000C\000[\000a\000,\000b\000]\116\012\166\204\147\000\117\163\116\000\201\364\220\074\217\321\162\171\137\201}{section.3.2}% 56
\BOOKMARK [2][-]{subsection.3.2.6}{\376\377\116\000\153\041\147\000\117\163\220\074\217\321\131\032\230\171\137\017\000\050\000n\000=\0001\000\051}{section.3.2}% 57
\BOOKMARK [2][-]{subsection.3.2.7}{\376\377\000C\000h\000e\000b\000y\000s\000h\000e\000v\131\032\230\171\137\017\123\312\121\166\136\224\165\050}{section.3.2}% 58
\BOOKMARK [1][-]{section.3.3}{\376\377\147\000\117\163\136\163\145\271\220\074\217\321}{chapter.3}% 59
\BOOKMARK [2][-]{subsection.3.3.1}{\376\377\121\205\171\357\172\172\225\364}{section.3.3}% 60
\BOOKMARK [2][-]{subsection.3.3.2}{\376\377\166\370\121\163\151\202\137\365}{section.3.3}% 61
\BOOKMARK [2][-]{subsection.3.3.3}{\376\377\121\205\171\357\172\172\225\364\116\012\166\204\147\000\117\163\136\163\145\271\220\074\217\321}{section.3.3}% 62
\BOOKMARK [2][-]{subsection.3.3.4}{\376\377\217\336\176\355\121\375\145\160\166\204\147\000\117\163\136\163\145\271\220\074\217\321}{section.3.3}% 63
\BOOKMARK [1][-]{section.3.4}{\376\377\153\143\116\244\131\032\230\171\137\017}{chapter.3}% 64
\BOOKMARK [2][-]{subsection.3.4.1}{\376\377\153\143\116\244\123\026\142\113\176\355}{section.3.4}% 65
\BOOKMARK [2][-]{subsection.3.4.2}{\376\377\153\143\116\244\131\032\230\171\137\017\166\204\140\047\215\050}{section.3.4}% 66
\BOOKMARK [2][-]{subsection.3.4.3}{\376\377\136\070\165\050\166\204\153\143\116\244\131\032\230\171\137\017}{section.3.4}% 67
\BOOKMARK [1][-]{section.3.5}{\376\377\121\375\145\160\143\011\153\143\116\244\131\032\230\171\137\017\134\125\137\000}{chapter.3}% 68
\BOOKMARK [1][-]{section.3.6}{\376\377\146\362\176\277\142\337\124\010\166\204\147\000\134\017\116\214\116\130\154\325}{chapter.3}% 69
\BOOKMARK [2][-]{subsection.3.6.1}{\376\377\225\356\230\230\143\320\121\372}{section.3.6}% 70
\BOOKMARK [2][-]{subsection.3.6.2}{\376\377\146\362\176\277\142\337\124\010\166\204\153\145\232\244}{section.3.6}% 71
\BOOKMARK [2][-]{subsection.3.6.3}{\376\377\0002\000-\203\003\145\160\136\246\221\317\116\013\166\204\146\362\176\277\142\337\124\010\000\050\147\000\134\017\116\214\116\130\154\325\000\051}{section.3.6}% 72
\BOOKMARK [2][-]{subsection.3.6.4}{\376\377\165\050\153\143\116\244\121\375\145\160\117\134\147\000\134\017\116\214\116\130\142\337\124\010}{section.3.6}% 73
\BOOKMARK [0][-]{chapter.4}{\376\377\145\160\120\074\171\357\122\006}{}% 74
\BOOKMARK [1][-]{section.4.1}{\376\377\137\025\212\000}{chapter.4}% 75
\BOOKMARK [2][-]{subsection.4.1.1}{\376\377\145\160\120\074\171\357\122\006\166\204\137\305\211\201\140\047}{section.4.1}% 76
\BOOKMARK [2][-]{subsection.4.1.2}{\376\377\145\160\120\074\171\357\122\006\166\204\127\372\147\054\140\035\140\363}{section.4.1}% 77
\BOOKMARK [2][-]{subsection.4.1.3}{\376\377\154\102\171\357\121\154\137\017\166\204\116\343\145\160\174\276\136\246}{section.4.1}% 78
\BOOKMARK [1][-]{section.4.2}{\376\377\143\322\120\074\127\213\154\102\171\357\121\154\137\017}{chapter.4}% 79
\BOOKMARK [2][-]{subsection.4.2.1}{\376\377\133\232\116\111}{section.4.2}% 80
\BOOKMARK [2][-]{subsection.4.2.2}{\376\377\142\052\145\255\213\357\135\356\116\016\116\343\145\160\174\276\136\246}{section.4.2}% 81
\BOOKMARK [1][-]{section.4.3}{\376\377\000N\000e\000w\000t\000o\000n\000-\000C\000o\000t\000e\000s\121\154\137\017}{chapter.4}% 82
\BOOKMARK [2][-]{subsection.4.3.1}{\376\377\000C\000o\000t\000e\000s\174\373\145\160}{section.4.3}% 83
\BOOKMARK [2][-]{subsection.4.3.2}{\376\377\000N\000e\000w\000t\000o\000n\000-\000C\000o\000t\000e\000s\121\154\137\017}{section.4.3}% 84
\BOOKMARK [2][-]{subsection.4.3.3}{\376\377\121\340\171\315\136\070\211\301\166\204\117\116\226\066\154\102\171\357\121\154\137\017}{section.4.3}% 85
\BOOKMARK [2][-]{subsection.4.3.4}{\376\377\131\015\123\026\154\102\171\357\121\154\137\017}{section.4.3}% 86
\BOOKMARK [1][-]{section.4.4}{\376\377\000R\000o\000m\000b\000e\000r\000g\173\227\154\325}{chapter.4}% 87
\BOOKMARK [2][-]{subsection.4.4.1}{\376\377\000R\000o\000m\000b\000e\000r\000g\154\102\171\357\121\154\137\017}{section.4.4}% 88
\BOOKMARK [2][-]{subsection.4.4.2}{\376\377\164\006\147\345\137\267\150\356\131\026\143\250\122\240\220\037\154\325}{section.4.4}% 89
\BOOKMARK [2][-]{subsection.4.4.3}{\376\377\131\015\123\026\150\257\137\142\121\154\137\017\166\204\156\020\217\333\134\125\137\000\137\017}{section.4.4}% 90
\BOOKMARK [1][-]{section.4.5}{\376\377\000G\000a\000u\000s\000s\127\213\154\102\171\357\121\154\137\017}{chapter.4}% 91
\BOOKMARK [2][-]{subsection.4.5.1}{\376\377\232\330\145\257\127\213\154\102\171\357\121\154\137\017\166\204\147\204\220\040}{section.4.5}% 92
\BOOKMARK [2][-]{subsection.4.5.2}{\376\377\121\340\171\315\136\070\211\301\166\204\000G\000a\000u\000s\000s\127\213\154\102\171\357\121\154\137\017}{section.4.5}% 93
\BOOKMARK [2][-]{subsection.4.5.3}{\376\377\000G\000a\000u\000s\000s\121\154\137\017\166\204\117\131\230\171}{section.4.5}% 94
\BOOKMARK [2][-]{subsection.4.5.4}{\376\377\000H\000e\000r\000m\000i\000t\000e\131\032\230\171\137\017\166\204\117\131\230\171}{section.4.5}% 95
\BOOKMARK [2][-]{subsection.4.5.5}{\376\377\000G\000a\000u\000s\000s\127\213\154\102\171\357\121\154\137\017\166\204\145\066\145\133\140\047}{section.4.5}% 96
\BOOKMARK [2][-]{subsection.4.5.6}{\376\377\000G\000a\000u\000s\000s\127\213\154\102\171\357\121\154\137\017\166\204\145\160\120\074\172\063\133\232\140\047}{section.4.5}% 97
\BOOKMARK [2][-]{subsection.4.5.7}{\376\377\131\015\123\026\116\044\160\271\000G\000a\000u\000s\000s\000-\000L\000e\000g\000e\000n\000d\000e\000r\154\102\171\357\121\154\137\017}{section.4.5}% 98
\BOOKMARK [2][-]{subsection.4.5.8}{\376\377\131\015\123\026\116\011\160\271\000G\000a\000u\000s\000s\000-\000L\000e\000g\000e\000n\000d\000e\000r\154\102\171\357\121\154\137\017}{section.4.5}% 99
\BOOKMARK [0][-]{chapter.5}{\376\377\176\277\140\047\145\271\172\013\176\304\166\204\166\364\143\245\211\343\154\325}{}% 100
\BOOKMARK [1][-]{section.5.1}{\376\377\000G\000a\000u\000s\000s\155\210\123\273\154\325}{chapter.5}% 101
\BOOKMARK [2][-]{subsection.5.1.1}{\376\377\116\011\211\322\137\142\145\271\172\013\176\304\126\336\116\343\154\325}{section.5.1}% 102
\BOOKMARK [2][-]{subsection.5.1.2}{\376\377\230\172\136\217\000G\000a\000u\000s\000s\155\210\123\273\154\325}{section.5.1}% 103
\BOOKMARK [2][-]{subsection.5.1.3}{\376\377\000G\000a\000u\000s\000s\116\073\121\103\175\040\155\210\123\273\154\325}{section.5.1}% 104
\BOOKMARK [1][-]{section.5.2}{\376\377\211\343\116\011\133\371\211\322\145\271\172\013\176\304\166\204\217\375\215\166\154\325}{chapter.5}% 105
\BOOKMARK [1][-]{section.5.3}{\376\377\167\351\226\065\166\204\116\011\211\322\122\006\211\343\154\325}{chapter.5}% 106
\BOOKMARK [2][-]{subsection.5.3.1}{\376\377\000G\000a\000u\000s\000s\155\210\121\103\154\325\167\351\226\065\137\142\137\017}{section.5.3}% 107
\BOOKMARK [2][-]{subsection.5.3.2}{\376\377\167\351\226\065\116\011\211\322\122\006\211\343\166\204\133\232\116\111}{section.5.3}% 108
\BOOKMARK [2][-]{subsection.5.3.3}{\376\377\167\351\226\065\116\011\211\322\122\006\211\343\166\204\133\130\127\050\140\047}{section.5.3}% 109
\BOOKMARK [1][-]{section.5.4}{\376\377\000G\000a\000u\000s\000s\155\210\123\273\154\325\123\330\137\142}{chapter.5}% 110
\BOOKMARK [2][-]{subsection.5.4.1}{\376\377\167\351\226\065\000L\000D\000R\122\006\211\343}{section.5.4}% 111
\BOOKMARK [2][-]{subsection.5.4.2}{\376\377\136\163\145\271\150\071\154\325}{section.5.4}% 112
\BOOKMARK [2][-]{subsection.5.4.3}{\376\377\145\071\217\333\136\163\145\271\150\071\154\325}{section.5.4}% 113
\BOOKMARK [1][-]{section.5.5}{\376\377\176\277\140\047\145\271\172\013\176\304\166\204\140\047\140\001\124\214\211\343\166\204\213\357\135\356\117\060\213\241}{chapter.5}% 114
\BOOKMARK [0][-]{chapter.6}{\376\377\176\277\140\047\145\271\172\013\176\304\166\204\217\355\116\343\211\343\154\325}{}% 115
\BOOKMARK [1][-]{section.6.1}{\376\377\116\000\202\054\217\355\116\343\154\325}{chapter.6}% 116
\BOOKMARK [2][-]{subsection.6.1.1}{\376\377\217\355\116\343\150\074\137\017\147\204\220\040}{section.6.1}% 117
\BOOKMARK [2][-]{subsection.6.1.2}{\376\377\217\355\116\343\154\325\145\066\145\133\147\141\116\366}{section.6.1}% 118
\BOOKMARK [2][-]{subsection.6.1.3}{\376\377\217\355\116\343\154\325\166\204\213\357\135\356\117\060\213\241}{section.6.1}% 119
\BOOKMARK [1][-]{section.6.2}{\376\377\000J\000a\000c\000o\000b\000i\217\355\116\343\154\325}{chapter.6}% 120
\BOOKMARK [1][-]{section.6.3}{\376\377\000G\000a\000u\000s\000s\000-\000S\000e\000i\000d\000e\000l\217\355\116\343\154\325}{chapter.6}% 121
\BOOKMARK [1][-]{section.6.4}{\376\377\000J\000a\000c\000o\000b\000i\217\355\116\343\154\325\124\214\000G\000a\000u\000s\000s\000-\000S\000e\000i\000d\000e\000l\217\355\116\343\154\325\145\066\145\133\140\047}{chapter.6}% 122
\BOOKMARK [1][-]{section.6.5}{\376\377\215\205\147\176\137\033\154\325}{chapter.6}% 123
\BOOKMARK [0][-]{chapter.7}{\376\377\227\136\176\277\140\047\145\271\172\013\154\102\150\071}{}% 124
\BOOKMARK [1][-]{subsection.7.0.1}{\376\377\150\071\166\204\133\130\127\050\140\047}{chapter.7}% 125
\BOOKMARK [2][-]{subsection.7.0.2}{\376\377\150\071\166\204\144\034\175\042}{subsection.7.0.1}% 126
\BOOKMARK [1][-]{section.7.1}{\376\377\116\214\122\006\154\325}{chapter.7}% 127
\BOOKMARK [1][-]{section.7.2}{\376\377\217\355\116\343\154\325}{chapter.7}% 128
\BOOKMARK [2][-]{subsection.7.2.1}{\376\377\173\200\123\125\217\355\116\343\154\325}{section.7.2}% 129
\BOOKMARK [1][-]{section.7.3}{\376\377\162\133\230\177\154\325}{chapter.7}% 130
\BOOKMARK [2][-]{subsection.7.3.1}{\376\377\162\133\230\177\217\355\116\343\121\154\137\017}{section.7.3}% 131
\BOOKMARK [2][-]{subsection.7.3.2}{\376\377\162\133\230\177\154\325\166\204\121\340\117\125\141\017\116\111}{section.7.3}% 132
\BOOKMARK [2][-]{subsection.7.3.3}{\376\377\162\133\230\177\154\325\166\204\145\066\145\133\140\047}{section.7.3}% 133
\BOOKMARK [2][-]{subsection.7.3.4}{\376\377\154\102\000m\221\315\150\071\166\204\162\133\230\177\154\325\000-\117\356\153\143\162\133\230\177\154\325}{section.7.3}% 134
\BOOKMARK [2][-]{subsection.7.3.5}{\376\377\162\133\230\177\154\325\166\204\123\330\137\142}{section.7.3}% 135
\BOOKMARK [0][-]{chapter.8}{\376\377\136\070\137\256\122\006\145\271\172\013\145\160\120\074\211\343\154\325}{}% 136
\BOOKMARK [1][-]{section.8.1}{\376\377\137\025\212\000}{chapter.8}% 137
\BOOKMARK [2][-]{subsection.8.1.1}{\376\377\122\035\120\074\225\356\230\230\166\204\145\160\120\074\211\343\154\325}{section.8.1}% 138
\BOOKMARK [2][-]{subsection.8.1.2}{\376\377\122\035\120\074\225\356\230\230\211\343\133\130\127\050\125\057\116\000\140\047}{section.8.1}% 139
\BOOKMARK [2][-]{subsection.8.1.3}{\376\377\122\035\120\074\225\356\230\230\166\204\171\273\145\143\123\026\145\271\154\325}{section.8.1}% 140
\BOOKMARK [1][-]{section.8.2}{\376\377\000E\000u\000l\000e\000r\145\271\154\325}{chapter.8}% 141
\BOOKMARK [2][-]{subsection.8.2.1}{\376\377\000E\000u\000l\000e\000r\121\154\137\017}{section.8.2}% 142
\BOOKMARK [2][-]{subsection.8.2.2}{\376\377\226\220\137\017\000E\000u\000l\000e\000r\154\325\000\050\124\021\124\016\000E\000u\000l\000e\000r\154\325\000\051}{section.8.2}% 143
\BOOKMARK [2][-]{subsection.8.2.3}{\376\377\150\257\137\142\121\154\137\017}{section.8.2}% 144
\BOOKMARK [2][-]{subsection.8.2.4}{\376\377\116\055\160\271\000E\000u\000l\000e\000r\121\154\137\017}{section.8.2}% 145
\BOOKMARK [2][-]{subsection.8.2.5}{\376\377\230\204\155\113\150\041\153\143\154\325}{section.8.2}% 146
\BOOKMARK [1][-]{section.8.3}{\376\377\000R\000u\000n\000g\000e\000-\000K\000u\000t\000t\000a\000\040\145\271\154\325}{chapter.8}% 147
\BOOKMARK [2][-]{subsection.8.3.1}{\376\377\116\214\226\066\000R\000u\000n\000g\000e\000-\000K\000u\000t\000t\000a\150\074\137\017\174\276\136\246}{section.8.3}% 148
\BOOKMARK [0][-]{appendix.A}{\376\377\167\351\226\065\122\006\147\220\127\372\170\100}{}% 149
\BOOKMARK [1][-]{section.A.1}{\376\377\124\021\221\317\203\003\145\160}{appendix.A}% 150
\BOOKMARK [2][-]{subsection.A.1.1}{\376\377\124\021\221\317\203\003\145\160\166\204\133\232\116\111}{section.A.1}% 151
\BOOKMARK [2][-]{subsection.A.1.2}{\376\377\136\070\165\050\166\204\124\021\221\317\203\003\145\160}{section.A.1}% 152
\BOOKMARK [2][-]{subsection.A.1.3}{\376\377\124\021\221\317\203\003\145\160\140\047\215\050}{section.A.1}% 153
\BOOKMARK [1][-]{section.A.2}{\376\377\167\351\226\065\203\003\145\160}{appendix.A}% 154
\BOOKMARK [2][-]{subsection.A.2.1}{\376\377\167\351\226\065\203\003\145\160\166\204\133\232\116\111}{section.A.2}% 155
\BOOKMARK [2][-]{subsection.A.2.2}{\376\377\136\070\165\050\166\204\167\351\226\065\203\003\145\160}{section.A.2}% 156
\BOOKMARK [2][-]{subsection.A.2.3}{\376\377\167\351\226\065\203\003\145\160\116\016\162\171\137\201\120\074\116\113\225\364\166\204\121\163\174\373}{section.A.2}% 157
\BOOKMARK [2][-]{subsection.A.2.4}{\376\377\167\351\226\065\166\204\147\141\116\366\145\160}{section.A.2}% 158
\BOOKMARK [1][-]{section.A.3}{\376\377\122\035\173\111\167\351\226\065}{appendix.A}% 159
\BOOKMARK [2][-]{subsection.A.3.1}{\376\377\122\035\173\111\167\351\226\065}{section.A.3}% 160
\BOOKMARK [2][-]{subsection.A.3.2}{\376\377\122\035\173\111\116\013\116\011\211\322\167\351\226\065}{section.A.3}% 161
\BOOKMARK [0][-]{appendix.B}{\376\377\136\070\211\301\000R\000u\000n\000g\000e\000-\000K\000u\000t\000t\000a\121\154\137\017}{}% 162
\BOOKMARK [1][-]{section.B.1}{\376\377\116\214\226\066\000R\000u\000n\000g\000e\000-\000K\000u\000t\000t\000a\145\271\154\325}{appendix.B}% 163
\BOOKMARK [2][-]{subsection.B.1.1}{\376\377\116\214\226\066\116\055\160\271\145\271\154\325}{section.B.1}% 164
\BOOKMARK [2][-]{subsection.B.1.2}{\376\377\116\214\226\066\000H\000u\000n\000e\145\271\154\325}{section.B.1}% 165
\BOOKMARK [1][-]{section.B.2}{\376\377\116\011\226\066\000R\000u\000n\000g\000e\000-\000K\000u\000t\000t\000a\145\271\154\325}{appendix.B}% 166
\BOOKMARK [2][-]{subsection.B.2.1}{\376\377\116\011\226\066\000K\000u\000t\000t\000a\145\271\154\325}{section.B.2}% 167
\BOOKMARK [2][-]{subsection.B.2.2}{\376\377\116\011\226\066\000H\000u\000n\000e\145\271\154\325}{section.B.2}% 168
\BOOKMARK [1][-]{section.B.3}{\376\377\126\333\226\066\000R\000u\000n\000g\000e\000-\000K\000u\000t\000t\000a\145\271\154\325}{appendix.B}% 169
\BOOKMARK [2][-]{subsection.B.3.1}{\376\377\126\333\226\066\176\317\121\170\000R\000u\000n\000g\000e\000-\000K\000u\000t\000t\000a\145\271\154\325}{section.B.3}% 170
\BOOKMARK [0][-]{appendix.C}{\376\377\131\015\116\140\230\230}{}% 171
